21, -1.2850377559661865, 22
45, 1.6687148809432983, 24
56, 0.0035306215286254883, 11
75, -2.316641092300415, 19
88, -3.187978506088257, 13
115, -8.953483581542969, 27
147, 18.36912727355957, 32
206, 13.923036575317383, 59
227, 4.950999736785889, 21
250, 10.673873901367188, 23
279, 5.244787216186523, 29
338, 42.728946685791016, 59
385, 18.52727699279785, 47
422, 25.11804962158203, 37
443, 7.5011305809021, 21
458, 2.767414093017578, 15
476, 5.403778553009033, 18
501, 7.534841537475586, 25
520, 7.0039215087890625, 19
580, 32.76995086669922, 60
610, 17.53008460998535, 30
639, 14.186208724975586, 29
662, 15.706769943237305, 23
690, 18.990707397460938, 28
712, 13.097644805908203, 22
736, 15.203046798706055, 24
757, 11.535995483398438, 21
774, 7.44182825088501, 17
801, 21.05340576171875, 27
840, 30.22174835205078, 39
857, 8.5928373336792, 17
892, 23.367036819458008, 35
911, 7.720612525939941, 19
925, 3.764676094055176, 14
939, 4.786990165710449, 14
973, 25.122285842895508, 34
997, 11.0906982421875, 24
1027, 19.750572204589844, 30
1047, 11.054435729980469, 20
1069, 11.484884262084961, 22
1085, 5.917606353759766, 16
1097, 2.443648099899292, 12
1111, 4.115732192993164, 14
1134, 15.095636367797852, 23
1150, 7.194960117340088, 16
1167, 6.821428298950195, 17
1212, 26.621355056762695, 45
1228, 5.593274116516113, 16
1267, 28.098594665527344, 39
1302, 22.6265926361084, 35
1323, 7.307682991027832, 21
1349, 16.578269958496094, 26
1368, 6.170742034912109, 19
1405, 28.70884132385254, 37
1449, 40.54761505126953, 44
1461, 1.501552939414978, 12
1471, -2.7611467838287354, 10
1510, 22.89737892150879, 39
1522, 2.3791842460632324, 12
1541, 7.0336594581604, 19
1559, 7.121020317077637, 18
1584, 13.811877250671387, 25
1622, 24.938318252563477, 38
1636, 3.604430913925171, 14
1653, 7.542867660522461, 17
1671, 7.940529823303223, 18
1704, 25.942672729492188, 33
1718, 3.538012742996216, 14
1758, 29.308780670166016, 40
1791, 21.422645568847656, 33
1806, 5.865167140960693, 15
1843, 23.859582901000977, 37
1874, 24.64922332763672, 31
1915, 35.52096939086914, 41
1942, 11.826375961303711, 27
1977, 28.089244842529297, 35
2019, 31.165998458862305, 42
2046, 10.686009407043457, 27
2063, 5.7590413093566895, 17
2101, 28.721710205078125, 38
2191, 37.77556610107422, 90
2397, 58.01848602294922, 206
2857, 501.23858642578125, 460
3228, 171.74884033203125, 371
3389, 273.7902526855469, 161
3670, 379.84393310546875, 281
3866, 307.1891784667969, 196
4030, 249.14320373535156, 164
4203, 281.09552001953125, 173
4402, 315.7530212402344, 199
4741, 151.2332000732422, 339
4910, 26.695180892944336, 169
5014, 5.066279411315918, 104
5111, -7.903724193572998, 97
5205, -4.974339485168457, 94
5377, 9.540850639343262, 172
5507, 10.372903823852539, 130
5617, -16.06998634338379, 110
5766, -13.555584907531738, 149
6020, 344.2046203613281, 254
6171, 283.5614013671875, 151
6361, 344.4603271484375, 190
6537, 308.26617431640625, 176
6807, 424.0022277832031, 270
7239, 306.9584045410156, 432
7458, 288.1872863769531, 219
7744, 405.623046875, 286
7863, 227.5797119140625, 119
7980, 229.627685546875, 117
8097, 222.96890258789062, 117
8213, 211.32627868652344, 116
8312, 200.90435791015625, 99
8408, 190.59715270996094, 96
8514, 165.28343200683594, 106
8618, 203.66107177734375, 104
8716, 186.9375457763672, 98
8810, 182.9844512939453, 94
8912, 177.1712646484375, 102
9015, 185.8853302001953, 103
9126, 165.5782470703125, 111
9239, 184.70252990722656, 113
9388, 226.82025146484375, 149
9500, 197.06451416015625, 112
9648, 262.4206237792969, 148
9772, 230.1116943359375, 124
9896, 229.08750915527344, 124
10025, 243.2007293701172, 129
10185, 261.34454345703125, 160
10315, 242.07168579101562, 130
10543, 347.3985595703125, 228
10694, 265.03912353515625, 151
10872, 290.4143371582031, 178
11044, 291.99481201171875, 172
11313, 152.71078491210938, 269
11495, 68.91852569580078, 182
11625, 23.836801528930664, 130
11774, 39.033382415771484, 149
11900, 24.337997436523438, 126
12082, 66.36409759521484, 182
12261, 66.1389389038086, 179
12412, 29.848968505859375, 151
12607, 300.01031494140625, 195
12752, 248.77166748046875, 145
12877, 220.09420776367188, 125
13005, 228.51747131347656, 128
13104, 162.3231964111328, 99
13243, 240.07666015625, 139
13380, 232.19459533691406, 137
13475, 154.92169189453125, 95
13571, 162.99790954589844, 96
13667, 171.8398895263672, 96
13762, 153.76022338867188, 95
13852, 155.6885986328125, 90
13948, 168.2175750732422, 96
14040, 179.8399200439453, 92
14137, 193.33746337890625, 97
14225, 163.75462341308594, 88
14313, 155.83706665039062, 88
14413, 196.1144561767578, 100
14513, 206.88356018066406, 100
14606, 171.4476776123047, 93
14705, 195.37745666503906, 99
14807, 194.99330139160156, 102
14917, 207.19204711914062, 110
15014, 182.13645935058594, 97
15145, 276.7428894042969, 131
15258, 229.5563201904297, 113
15368, 215.263427734375, 110
15476, 225.02381896972656, 108
15571, 197.77015686035156, 95
15686, 228.9590606689453, 115
15789, 213.25137329101562, 103
15890, 205.31626892089844, 101
15999, 228.03045654296875, 109
16128, 307.9797668457031, 129
16239, 242.56494140625, 111
16354, 219.77127075195312, 115
16494, 322.7662353515625, 140
16617, 260.005859375, 123
16730, 223.51695251464844, 113
16858, 283.9446105957031, 128
16988, 297.6503601074219, 130
17097, 224.13067626953125, 109
17224, 266.4672546386719, 127
17371, 333.83447265625, 147
17537, 387.9482727050781, 166
17708, 403.8100280761719, 171
17835, 257.7658386230469, 127
17994, 316.9003601074219, 159
18192, 377.4403991699219, 198
18360, 347.86395263671875, 168
18458, 199.2997283935547, 98
18626, 340.57879638671875, 168
18771, 320.8912353515625, 145
18936, 333.37945556640625, 165
19123, 358.6589660644531, 187
19319, 390.4760437011719, 196
19507, 374.75653076171875, 188
19714, 435.2808837890625, 207
19909, 396.1599426269531, 195
20126, 87.86835479736328, 217
20336, 341.4800109863281, 210
20580, 105.97333526611328, 244
20788, 53.54147720336914, 208
20935, 8.558131217956543, 147
21086, 39.18577194213867, 151
21236, 32.9669075012207, 150
21438, 330.8204650878906, 202
21623, 28.283981323242188, 185
21770, 37.77310562133789, 147
21963, 325.005126953125, 193
22089, 260.2711181640625, 126
22209, 259.6992492675781, 120
22385, 331.8109130859375, 176
22460, 162.57769775390625, 75
22572, 213.40802001953125, 112
22672, 207.1021270751953, 100
22840, 309.60626220703125, 168
22986, 300.47540283203125, 146
23125, 277.810546875, 139
23271, 289.4490966796875, 146
23408, 265.4022521972656, 137
23564, 313.3917541503906, 156
23692, 264.8096008300781, 128
23815, 278.2549743652344, 123
23961, 336.9598388671875, 146
24106, 305.346923828125, 145
24246, 273.1030578613281, 140
24370, 261.496337890625, 124
24523, 311.99774169921875, 153
24705, 361.6001892089844, 182
24858, 300.6698913574219, 153
25005, 296.6977844238281, 147
25217, 386.6933288574219, 212
25403, 336.0313415527344, 186
25607, 379.79132080078125, 204
25741, 295.91656494140625, 134
25905, 340.1798095703125, 164
26041, 277.19171142578125, 136
26215, 346.9447937011719, 174
26353, 289.37939453125, 138
26518, 343.4061584472656, 165
26698, 356.3555603027344, 180
26826, 261.1487121582031, 128
26978, 294.6201171875, 152
27176, 373.3052978515625, 198
27348, 363.79736328125, 172
27515, 360.2674560546875, 167
27651, 272.4538269042969, 136
27821, 371.86279296875, 170
28008, 407.45550537109375, 187
28189, 390.3153076171875, 181
28350, 342.43780517578125, 161
28509, 325.394287109375, 159
28664, 332.0619812011719, 155
28827, 355.5867004394531, 163
28998, 359.27044677734375, 171
29162, 331.2598876953125, 164
29351, 377.0184631347656, 189
29500, 322.85888671875, 149
29655, 323.17987060546875, 155
29796, 305.1587829589844, 141
29935, 291.48309326171875, 139
30085, 320.5427551269531, 150
30203, 256.6793518066406, 118
30357, 309.09405517578125, 154
30492, 264.3970947265625, 135
30660, 336.7967224121094, 168
30828, 337.6002197265625, 168
31007, 378.5845031738281, 179
31158, 310.0714416503906, 151
31326, 324.8160400390625, 168
31492, 378.6737365722656, 166
31658, 333.7756042480469, 166
31836, 356.9425354003906, 178
32022, 427.020751953125, 186
32196, 357.5215759277344, 174
32383, 405.6878967285156, 187
32565, 385.47357177734375, 182
32766, 425.7106018066406, 201
32953, 394.0187072753906, 187
33158, 411.3577880859375, 205
33339, 385.5434875488281, 181
33509, 398.5364990234375, 170
33688, 375.7070617675781, 179
33850, 389.2834777832031, 162
34034, 383.67938232421875, 184
34219, 429.7445373535156, 185
34403, 443.23822021484375, 184
34597, 441.3688659667969, 194
34732, 313.5368347167969, 135
34928, 404.27935791015625, 196
35097, 364.48748779296875, 169
35279, 380.2322692871094, 182
35460, 376.735107421875, 181
35632, 364.3492736816406, 172
35806, 399.31695556640625, 174
36011, 406.35406494140625, 205
36286, 608.6679077148438, 275
36472, 400.2686462402344, 186
36694, 438.88690185546875, 222
36867, 347.31414794921875, 173
37039, 351.1903381347656, 172
37236, 381.0309753417969, 197
37407, 342.11248779296875, 171
37576, 330.58526611328125, 169
37749, 345.55841064453125, 173
37947, 443.1209716796875, 198
38136, 386.54052734375, 189
38317, 339.3675842285156, 181
38497, 395.9568786621094, 180
38674, 389.2665710449219, 177
38861, 400.96240234375, 187
39034, 426.24017333984375, 173
39276, 615.2806396484375, 242
39453, 398.5389099121094, 177
39641, 401.276123046875, 188
39822, 356.6220397949219, 181
40001, 330.6819763183594, 179
40180, 381.4175109863281, 179
40380, 490.68792724609375, 200
40586, 453.55096435546875, 206
40777, 402.7843322753906, 191
40951, 351.443603515625, 174
41126, 360.7443542480469, 175
41301, 353.7664489746094, 175
41482, 365.3909912109375, 181
41652, 375.4957580566406, 170
41838, 364.0183410644531, 186
42021, 367.6282043457031, 183
42205, 370.789794921875, 184
42400, 368.2354736328125, 195
42579, 371.80035400390625, 179
42765, 367.6747131347656, 186
42945, 360.9792175292969, 180
43132, 432.11566162109375, 187
43349, 467.8324890136719, 217
43547, 438.5524597167969, 198
43726, 397.738525390625, 179
43935, 447.7298889160156, 209
44141, 490.0843200683594, 206
44334, 401.69781494140625, 193
44548, 489.09320068359375, 214
44730, 400.9273986816406, 182
44945, 450.6346130371094, 215
45149, 428.158935546875, 204
45314, 382.28228759765625, 165
45512, 404.422119140625, 198
45683, 334.89715576171875, 171
45873, 411.25762939453125, 190
46086, 501.1266784667969, 213
46234, 322.23541259765625, 148
46425, 411.5303039550781, 191
46624, 399.95428466796875, 199
46864, 557.4041137695312, 240
47074, 463.46343994140625, 210
47290, 456.1272888183594, 216
47533, 574.8738403320312, 243
47755, 502.9670104980469, 222
47984, 397.5011291503906, 229
48193, 474.9568786621094, 209
48383, 380.5240783691406, 190
48557, 345.5360412597656, 174
48739, 376.041015625, 182
48935, 425.8470458984375, 196
49149, 436.25555419921875, 214
49348, 414.86676025390625, 199
49539, 417.26953125, 191
49720, 394.1988525390625, 181
49883, 344.2775573730469, 163
50046, 359.9324035644531, 163
50241, 422.832275390625, 195
50422, 410.75579833984375, 181
50616, 415.7437744140625, 194
50906, 180.27618408203125, 290
51181, 591.0606689453125, 275
51414, 487.5453186035156, 233
51605, 436.0265808105469, 191
51787, 402.7682800292969, 182
52027, 568.0716552734375, 240
52245, 480.4231872558594, 218
52493, 533.5816040039062, 248
52695, 437.9402770996094, 202
52890, 404.0731506347656, 195
53068, 384.184814453125, 178
53253, 395.6538391113281, 185
53458, 412.808837890625, 205
53634, 374.2237243652344, 176
53826, 393.077880859375, 192
54001, 396.82867431640625, 175
54185, 402.8003845214844, 184
54400, 438.19476318359375, 215
54590, 397.8170166015625, 190
54833, 590.2875366210938, 243
55008, 416.0429992675781, 175
55172, 355.87030029296875, 164
55458, 676.987060546875, 286
55637, 407.0815734863281, 179
55863, 449.49896240234375, 226
56042, 394.77777099609375, 179
56219, 373.69293212890625, 177
56395, 411.9691162109375, 176
56574, 372.524169921875, 179
56744, 368.0148620605469, 170
56945, 456.8856506347656, 201
57141, 450.82952880859375, 196
57310, 361.61956787109375, 169
57508, 462.5261535644531, 198
57684, 409.2421875, 176
57900, 457.09320068359375, 216
58103, 419.640625, 203
58271, 385.961181640625, 168
58461, 424.66864013671875, 190
58611, 339.8451232910156, 150
58780, 383.09136962890625, 169
58940, 353.7474060058594, 160
59113, 382.11212158203125, 173
59277, 360.9665222167969, 164
59454, 371.3794250488281, 177
59632, 413.1539611816406, 178
59819, 415.2314758300781, 187
60000, 406.6828308105469, 181
60188, 439.5364685058594, 188
60358, 384.5474853515625, 170
60517, 363.88818359375, 159
60683, 355.9285888671875, 166
60854, 414.0700378417969, 171
61023, 412.5453796386719, 169
61182, 342.5240478515625, 159
61368, 500.8388366699219, 186
61539, 400.04583740234375, 171
61727, 424.86346435546875, 188
61913, 468.25775146484375, 186
62066, 369.5055236816406, 153
62234, 351.8712158203125, 168
62366, 309.9972839355469, 132
62521, 372.1103820800781, 155
62696, 413.786376953125, 175
62873, 437.4913635253906, 177
63061, 451.31683349609375, 188
63240, 447.8963623046875, 179
63371, 310.8693542480469, 131
63512, 335.8366394042969, 141
63621, 243.4022979736328, 109
63727, 202.6873016357422, 106
63837, 224.88536071777344, 110
63979, 328.1551208496094, 142
64169, 435.17657470703125, 190
64331, 384.9378356933594, 162
64473, 380.9890441894531, 142
64602, 272.878662109375, 129
64721, 287.10198974609375, 119
64852, 272.5762939453125, 131
65018, 409.848876953125, 166
65213, 473.813232421875, 195
65394, 425.27734375, 181
65558, 380.1021423339844, 164
65679, 279.0813293457031, 121
65796, 270.48046875, 117
65966, 363.8434753417969, 170
66133, 429.3067321777344, 167
66289, 372.59698486328125, 156
66452, 433.3617858886719, 163
66606, 405.9344482421875, 154
66734, 304.58087158203125, 128
66900, 404.705322265625, 166
67047, 375.5496826171875, 147
67204, 383.12725830078125, 157
67351, 439.1477966308594, 147
67526, 374.4185485839844, 175
67682, 429.1636047363281, 156
67836, 323.22833251953125, 154
67994, 336.9232482910156, 158
68141, 327.4673767089844, 147
68311, 446.70306396484375, 170
68499, 485.2903137207031, 188
68648, 368.7489013671875, 149
68800, 389.5810852050781, 152
68984, 486.456787109375, 184
69123, 316.03814697265625, 139
69298, 463.9071350097656, 175
69437, 316.8669128417969, 139
69562, 271.24920654296875, 125
69706, 292.5155334472656, 144
69867, 406.9455261230469, 161
70021, 346.3254699707031, 154
70167, 341.6742248535156, 146
70316, 325.3935241699219, 149
70459, 306.814208984375, 143
70654, 506.9844665527344, 195
70814, 349.4294128417969, 160
70959, 302.3339538574219, 145
71171, 544.3567504882812, 212
71326, 367.9625549316406, 155
71470, 302.7213134765625, 144
71625, 371.9978942871094, 155
71789, 387.8177490234375, 164
71945, 360.3117980957031, 156
72101, 365.7981872558594, 156
72251, 369.05377197265625, 150
72421, 410.6082763671875, 170
72574, 342.0319519042969, 153
72721, 351.74005126953125, 147
72858, 309.4416809082031, 137
73013, 346.86761474609375, 155
73179, 370.9892883300781, 166
73278, 166.3019256591797, 99
73450, 412.3538818359375, 172
73603, 357.5379638671875, 153
73774, 374.6209411621094, 171
73925, 337.922119140625, 151
74075, 353.0129089355469, 150
74246, 404.3567199707031, 171
74412, 356.1023864746094, 166
74583, 386.70916748046875, 171
74754, 400.8020935058594, 171
74923, 375.3783874511719, 169
75092, 385.59100341796875, 169
75258, 362.13238525390625, 166
75425, 368.913330078125, 167
75593, 387.9340515136719, 168
75761, 382.7273254394531, 168
75937, 390.85540771484375, 176
76111, 388.4314880371094, 174
76299, 482.60809326171875, 188
76482, 431.715576171875, 183
76719, 630.2919311523438, 237
76950, 626.6793212890625, 231
77164, 607.7611694335938, 214
77330, 381.6004943847656, 166
77514, 454.9681701660156, 184
77744, 644.5326538085938, 230
77928, 418.6430969238281, 184
78159, 654.8535766601562, 231
78332, 424.78033447265625, 173
78518, 481.04693603515625, 186
78743, 604.7080078125, 225
78935, 503.81927490234375, 192
79101, 378.03802490234375, 166
79373, 705.9136352539062, 272
79553, 430.23614501953125, 180
79719, 394.7296142578125, 166
79893, 404.00689697265625, 174
80063, 415.64190673828125, 170
80241, 410.1515808105469, 178
80417, 410.4374694824219, 176
80592, 394.9945068359375, 175
80764, 398.9223327636719, 172
81079, 858.35791015625, 315
81231, 361.30206298828125, 152
81393, 397.0709533691406, 162
81637, 725.6589965820312, 244
81787, 350.5732116699219, 150
81959, 425.41278076171875, 172
82109, 369.87469482421875, 150
82287, 430.4664001464844, 178
82515, 477.1572570800781, 228
82679, 390.6658935546875, 164
82860, 390.73162841796875, 181
83027, 413.7330322265625, 167
83183, 389.86102294921875, 156
83343, 358.7912902832031, 160
83467, 273.7970886230469, 124
83627, 376.2524108886719, 160
83816, 485.5947570800781, 189
83989, 443.0474853515625, 173
84156, 372.8315734863281, 167
84339, 380.24127197265625, 183
84511, 426.2248840332031, 172
84692, 436.2988586425781, 181
84901, 534.0716552734375, 209
85092, 429.7416076660156, 191
85260, 384.516845703125, 168
85468, 533.8038940429688, 208
85870, 964.1141357421875, 402
86077, 523.0910034179688, 207
86304, 591.5693969726562, 227
86500, 511.3748474121094, 196
86734, 640.766357421875, 234
86945, 561.4889526367188, 211
87151, 543.8338012695312, 206
87346, 480.9665222167969, 195
87561, 570.0144653320312, 215
87794, 633.0429077148438, 233
88007, 560.53759765625, 213
88189, 487.61566162109375, 182
88403, 582.4082641601562, 214
88579, 464.25018310546875, 176
88743, 426.34625244140625, 164
88891, 382.91162109375, 148
89043, 372.8948059082031, 152
89280, 692.6514282226562, 237
89503, 629.7977905273438, 223
89753, 674.9155883789062, 250
89968, 592.6148071289062, 215
90189, 625.373291015625, 221
90418, 658.9515991210938, 229
90645, 614.6812133789062, 227
90841, 498.2627868652344, 196
91052, 579.138427734375, 211
91222, 411.76611328125, 170
91412, 460.9479675292969, 190
91587, 436.30670166015625, 175
91753, 437.9297790527344, 166
91923, 424.2436218261719, 170
92099, 425.93121337890625, 176
92270, 449.7576599121094, 171
92448, 451.0472412109375, 178
92655, 573.2316284179688, 207
92860, 501.22674560546875, 205
93062, 506.0325927734375, 202
93260, 501.9193115234375, 198
93531, 764.1229248046875, 271
93749, 575.687255859375, 218
94008, 689.4112548828125, 259
94198, 492.4500427246094, 190
94479, 762.8111572265625, 281
94731, 658.8007202148438, 252
94934, 533.3130493164062, 203
95136, 458.9092102050781, 202
95342, 486.614013671875, 206
95546, 488.3223876953125, 204
95812, 732.4689331054688, 266
96014, 491.3219909667969, 202
96281, 743.4534301757812, 267
96505, 566.9431762695312, 224
96758, 692.6854858398438, 253
96985, 586.1694946289062, 227
97333, 1079.534423828125, 348
97596, 704.2685546875, 263
97836, 649.944580078125, 240
98084, 649.7189331054688, 248
98302, 550.6162109375, 218
98600, 751.8732299804688, 298
98873, 722.7655029296875, 273
99121, 646.1273193359375, 248
99701, 1637.9638671875, 580
99923, 527.0185546875, 222
100362, 1200.709228515625, 439
100684, 807.7962646484375, 322
100902, 528.3197021484375, 218
101132, 534.0299072265625, 230
102132, 2760.62353515625, 1000
103132, 2830.427490234375, 1000
103813, 1876.037109375, 681
104111, 920.615478515625, 298
104635, 1571.619384765625, 524
105074, 1198.242431640625, 439
106074, 2521.431396484375, 1000
106281, 436.9927673339844, 207
107281, 2455.337890625, 1000
108281, 2519.8681640625, 1000
109281, 2553.95849609375, 1000
109484, 492.56396484375, 203
110484, 2232.00634765625, 1000
110695, 527.220947265625, 211
110902, 533.5641479492188, 207
111100, 509.19384765625, 198
111303, 515.1495361328125, 203
111504, 515.4588623046875, 201
111695, 486.50164794921875, 191
111910, 569.581298828125, 215
112155, 744.8062133789062, 245
112954, 2368.18408203125, 799
113215, 822.98095703125, 261
113752, 1040.6800537109375, 537
114256, 1383.7362060546875, 504
115248, 2783.043212890625, 992
116248, 2798.473388671875, 1000
117248, 2751.24560546875, 1000
118248, 2761.28515625, 1000
119248, 2827.880126953125, 1000
120248, 2753.137451171875, 1000
120888, 1872.9212646484375, 640
121809, 2691.108154296875, 921
122783, 2767.655517578125, 974
123357, 1635.0323486328125, 574
123655, 934.3480224609375, 298
123902, 638.8472900390625, 247
124902, 3010.2509765625, 1000
125902, 2966.458740234375, 1000
126902, 2802.77587890625, 1000
127081, 430.66021728515625, 179
127310, 594.999755859375, 229
127504, 509.9967041015625, 194
127707, 528.1710205078125, 203
127902, 492.2924499511719, 195
128088, 510.30084228515625, 186
128303, 550.4146118164062, 215
129239, 3039.643798828125, 936
129445, 564.5630493164062, 206
129684, 664.2445068359375, 239
129920, 699.1019897460938, 236
130181, 791.0293579101562, 261
130418, 701.25732421875, 237
130623, 560.0064697265625, 205
130926, 917.1411743164062, 303
131128, 550.2501831054688, 202
131324, 545.3124389648438, 196
131527, 534.176025390625, 203
131699, 484.577392578125, 172
131893, 511.1739807128906, 194
132105, 547.3109130859375, 212
132325, 587.9915771484375, 220
132518, 529.5642700195312, 193
132721, 508.3454284667969, 203
133012, 818.1355590820312, 291
133217, 502.6743469238281, 205
133408, 522.654052734375, 191
134147, 2027.72900390625, 739
134649, 1482.6768798828125, 502
135238, 1842.0849609375, 589
136238, 3170.88525390625, 1000
136581, 1067.2210693359375, 343
137581, 3098.065185546875, 1000
138581, 3010.71533203125, 1000
139581, 3236.071533203125, 1000
140581, 3163.32177734375, 1000
141581, 3205.1328125, 1000
142581, 3171.052978515625, 1000
143581, 3050.09130859375, 1000
144581, 2928.218994140625, 1000
145581, 3166.121337890625, 1000
146581, 3192.9287109375, 1000
147581, 3652.177978515625, 1000
147900, 1006.7123413085938, 319
148551, 2372.604248046875, 651
148841, 849.9058837890625, 290
149361, 1776.470703125, 520
149856, 1742.179443359375, 495
150787, 2824.3046875, 931
151177, 1318.397216796875, 390
152177, 3294.3603515625, 1000
152672, 1844.5140380859375, 495
153672, 3291.439453125, 1000
154352, 2403.49462890625, 680
155352, 3396.525146484375, 1000
156352, 3499.2978515625, 1000
157352, 3701.575927734375, 1000
158352, 3475.4853515625, 1000
159352, 3397.92529296875, 1000
160352, 2995.984375, 1000
161352, 3011.51611328125, 1000
162352, 3205.11669921875, 1000
163170, 2633.5400390625, 818
164170, 3580.4951171875, 1000
164668, 1806.7899169921875, 498
165668, 3917.3642578125, 1000
166334, 2302.568359375, 666
166936, 2261.972900390625, 602
167371, 1564.573486328125, 435
167871, 1879.297119140625, 500
168871, 3797.34228515625, 1000
169349, 1821.4666748046875, 478
169760, 1398.983154296875, 411
170045, 964.718994140625, 285
170787, 2939.849365234375, 742
171787, 3652.762939453125, 1000
172331, 2076.177734375, 544
173255, 3583.976806640625, 924
174255, 3945.338623046875, 1000
175255, 3718.81298828125, 1000
176255, 3671.833984375, 1000
177255, 3711.13818359375, 1000
178255, 3861.769775390625, 1000
179255, 3843.078857421875, 1000
180255, 3542.928955078125, 1000
181255, 3519.241943359375, 1000
182255, 3434.132080078125, 1000
183255, 3617.09521484375, 1000
183790, 1982.752685546875, 535
184790, 3660.531005859375, 1000
185248, 1595.248779296875, 458
186248, 3529.3056640625, 1000
187248, 3731.704345703125, 1000
188182, 3616.38134765625, 934
188747, 2214.699462890625, 565
189006, 847.5235595703125, 259
189504, 1870.1922607421875, 498
189853, 1262.47802734375, 349
190333, 1728.8717041015625, 480
191333, 3501.185546875, 1000
191903, 2119.94091796875, 570
192903, 3603.028076171875, 1000
193903, 3847.95947265625, 1000
194903, 3700.724853515625, 1000
195903, 3847.93017578125, 1000
196903, 3886.310791015625, 1000
197903, 3700.959228515625, 1000
198903, 3798.259765625, 1000
199903, 3790.302734375, 1000
200903, 3866.621337890625, 1000
201903, 3797.71484375, 1000
202237, 1194.08935546875, 334
203237, 3797.1845703125, 1000
204237, 3759.87451171875, 1000
205237, 3815.868408203125, 1000
206237, 3709.232666015625, 1000
206937, 2684.98583984375, 700
207937, 3888.712890625, 1000
208937, 3838.1630859375, 1000
209937, 3952.2890625, 1000
210937, 3981.6201171875, 1000
211937, 4012.7841796875, 1000
212937, 3889.03662109375, 1000
213937, 4091.46875, 1000
214937, 4124.291015625, 1000
215937, 4077.620361328125, 1000
216937, 3961.634521484375, 1000
217937, 3842.707763671875, 1000
218937, 3790.303466796875, 1000
219937, 3700.539794921875, 1000
220937, 3827.5859375, 1000
221937, 3982.25390625, 1000
222937, 3985.16796875, 1000
223937, 3994.943359375, 1000
224937, 3921.756591796875, 1000
225937, 3855.22119140625, 1000
226937, 3898.79296875, 1000
227937, 4002.133056640625, 1000
228937, 4035.431640625, 1000
229937, 4101.12744140625, 1000
230937, 3925.03173828125, 1000
231937, 4017.763427734375, 1000
232937, 3918.527099609375, 1000
233937, 4031.9404296875, 1000
234937, 3996.55908203125, 1000
235937, 4027.418212890625, 1000
236937, 3895.317138671875, 1000
237937, 4021.28173828125, 1000
238937, 3970.917236328125, 1000
239937, 3990.53515625, 1000
240937, 3976.95263671875, 1000
241937, 4151.19384765625, 1000
242937, 4081.244384765625, 1000
243937, 4220.22119140625, 1000
244937, 4051.52734375, 1000
245461, 2076.10107421875, 524
246461, 3969.2021484375, 1000
247461, 3937.804443359375, 1000
248461, 3992.65869140625, 1000
249461, 3957.669189453125, 1000
250461, 3894.4013671875, 1000
251461, 3875.15673828125, 1000
252461, 4106.9453125, 1000
253461, 4120.94189453125, 1000
254416, 3919.725830078125, 955
255416, 4012.16845703125, 1000
256416, 3995.677490234375, 1000
257416, 3935.9052734375, 1000
258416, 3963.843505859375, 1000
259416, 3947.342529296875, 1000
260010, 2359.79052734375, 594
261010, 4014.997802734375, 1000
262010, 3946.17138671875, 1000
263010, 4061.646240234375, 1000
264010, 4050.682373046875, 1000
264812, 3269.1162109375, 802
265812, 3965.1875, 1000
266812, 4053.02294921875, 1000
267812, 3860.869873046875, 1000
268812, 4039.151123046875, 1000
269812, 4039.490234375, 1000
270812, 4033.9775390625, 1000
271812, 3913.11083984375, 1000
272812, 3973.802978515625, 1000
273812, 3961.087158203125, 1000
274812, 3978.78076171875, 1000
275812, 3908.734130859375, 1000
276812, 3921.083251953125, 1000
277812, 4026.66064453125, 1000
278812, 4009.3984375, 1000
279812, 3997.551025390625, 1000
280812, 4060.960693359375, 1000
281812, 4034.222900390625, 1000
282812, 4100.2216796875, 1000
283812, 3980.88134765625, 1000
284812, 4033.937744140625, 1000
285812, 4046.939697265625, 1000
286812, 4124.359375, 1000
287812, 4094.057373046875, 1000
288812, 4065.480224609375, 1000
289812, 4111.03759765625, 1000
290812, 4157.6416015625, 1000
291812, 4151.20654296875, 1000
292812, 4113.486328125, 1000
293812, 4080.178466796875, 1000
294812, 4113.39892578125, 1000
295812, 4098.20703125, 1000
296812, 4123.02490234375, 1000
297812, 4199.9833984375, 1000
298812, 4073.1796875, 1000
299812, 4099.18017578125, 1000
300812, 4173.93359375, 1000
301812, 3968.587646484375, 1000
302812, 3957.410888671875, 1000
303812, 4008.1708984375, 1000
304812, 4135.35498046875, 1000
305812, 4216.99609375, 1000
306812, 4339.50439453125, 1000
307812, 4247.7255859375, 1000
308812, 4248.82421875, 1000
309812, 4015.995361328125, 1000
310812, 4102.38427734375, 1000
311812, 4156.5849609375, 1000
312812, 4149.3779296875, 1000
313812, 4135.01220703125, 1000
314812, 4282.2177734375, 1000
315812, 4218.3232421875, 1000
316812, 4174.87744140625, 1000
317812, 4220.53369140625, 1000
318812, 4180.2919921875, 1000
319812, 4221.125, 1000
320812, 4188.20068359375, 1000
321812, 4142.09130859375, 1000
322812, 4213.06982421875, 1000
323812, 4202.4462890625, 1000
324812, 4162.0634765625, 1000
325812, 4082.520263671875, 1000
326444, 2530.233642578125, 632
327444, 4174.8837890625, 1000
328444, 4147.95263671875, 1000
329444, 4176.4921875, 1000
330444, 4106.4248046875, 1000
330859, 1611.021484375, 415
331859, 4151.4599609375, 1000
332859, 4076.33544921875, 1000
333859, 4083.961669921875, 1000
334859, 4125.0908203125, 1000
335859, 4083.48974609375, 1000
336859, 4080.645751953125, 1000
337859, 4175.630859375, 1000
338859, 4183.7041015625, 1000
339859, 4122.95751953125, 1000
340859, 4158.587890625, 1000
341743, 3616.63232421875, 884
342743, 4112.6123046875, 1000
343743, 4221.9658203125, 1000
344743, 4281.56982421875, 1000
345743, 4146.8603515625, 1000
346743, 4185.96435546875, 1000
347743, 4219.806640625, 1000
348743, 4134.74169921875, 1000
349743, 4118.5078125, 1000
350743, 4145.99560546875, 1000
351743, 4278.67724609375, 1000
352743, 4181.22802734375, 1000
353743, 4223.64892578125, 1000
354743, 4230.1728515625, 1000
355743, 4230.87939453125, 1000
356743, 4301.61328125, 1000
357743, 4345.6982421875, 1000
358743, 4382.2705078125, 1000
359574, 3647.920654296875, 831
360069, 1977.52587890625, 495
360853, 3376.897216796875, 784
361853, 4390.1337890625, 1000
362853, 4277.72265625, 1000
363853, 4257.62060546875, 1000
364853, 4197.20654296875, 1000
365853, 4150.421875, 1000
366853, 4067.995849609375, 1000
367853, 4204.07763671875, 1000
368853, 4293.53515625, 1000
369853, 4328.72705078125, 1000
370853, 4276.7646484375, 1000
371853, 4237.6953125, 1000
372853, 4221.67529296875, 1000
373853, 4049.287109375, 1000
374853, 4201.875, 1000
375853, 4295.66064453125, 1000
376853, 4299.43701171875, 1000
377853, 4303.1142578125, 1000
378853, 4359.20751953125, 1000
379853, 4390.04052734375, 1000
380853, 4307.4775390625, 1000
381853, 4295.876953125, 1000
382853, 4299.24365234375, 1000
383853, 4386.00390625, 1000
384853, 4384.04931640625, 1000
385853, 4463.2861328125, 1000
386853, 4392.47314453125, 1000
387853, 4374.30029296875, 1000
388853, 4413.77734375, 1000
389853, 4390.92529296875, 1000
390853, 4393.21142578125, 1000
391853, 4312.1982421875, 1000
392347, 1957.597412109375, 494
392467, 246.3542022705078, 120
392575, 226.55531311035156, 108
392685, 236.43325805664062, 110
392800, 243.71624755859375, 115
392922, 254.5268096923828, 122
393029, 239.52195739746094, 107
393139, 235.61514282226562, 110
393255, 251.46920776367188, 116
393368, 242.8975067138672, 113
393494, 262.189208984375, 126
393639, 358.8255615234375, 145
393752, 244.7014617919922, 113
393896, 363.23126220703125, 144
394044, 362.0887451171875, 148
394204, 399.44287109375, 160
394354, 376.554443359375, 150
395308, 3998.733154296875, 954
395810, 1921.0140380859375, 502
396340, 2098.8193359375, 530
397038, 2906.236328125, 698
397816, 3488.12890625, 778
398491, 2845.8046875, 675
398838, 1263.1329345703125, 347
399838, 4586.5419921875, 1000
400821, 4578.029296875, 983
401821, 4514.7763671875, 1000
402821, 4487.8564453125, 1000
403506, 3064.56982421875, 685
404351, 3815.447021484375, 845
405351, 4439.60595703125, 1000
405958, 2661.19140625, 607
406551, 2650.564453125, 593
407262, 3232.2841796875, 711
407836, 2619.93359375, 574
408450, 2766.109619140625, 614
408828, 1535.45166015625, 378
409204, 1560.1163330078125, 376
409572, 1467.179443359375, 368
410098, 2274.726318359375, 526
410696, 2655.310546875, 598
411696, 4540.7939453125, 1000
412696, 4530.255859375, 1000
413696, 4535.05859375, 1000
414696, 4381.99072265625, 1000
415696, 4432.86279296875, 1000
416696, 4508.65771484375, 1000
417696, 4462.0986328125, 1000
418696, 4291.71484375, 1000
419696, 4277.57470703125, 1000
420696, 4371.70556640625, 1000
421696, 4248.46435546875, 1000
422696, 4389.8896484375, 1000
423696, 4412.2724609375, 1000
424696, 4363.619140625, 1000
425696, 4223.5830078125, 1000
426696, 4324.26171875, 1000
427696, 4258.7001953125, 1000
428696, 4218.4912109375, 1000
429696, 4225.7646484375, 1000
430696, 4246.1787109375, 1000
431696, 4226.6767578125, 1000
432696, 4428.10888671875, 1000
433696, 4544.37060546875, 1000
434696, 4356.53466796875, 1000
435696, 4458.23388671875, 1000
436696, 4507.18115234375, 1000
437696, 4643.4501953125, 1000
438696, 4402.86083984375, 1000
439696, 4203.47216796875, 1000
440696, 4362.71240234375, 1000
441696, 4361.5673828125, 1000
442696, 4345.75048828125, 1000
443696, 4158.8447265625, 1000
444696, 4300.37451171875, 1000
445696, 4251.73876953125, 1000
446696, 4228.1494140625, 1000
447696, 4470.6171875, 1000
448696, 4615.5830078125, 1000
449696, 4307.1591796875, 1000
450696, 4346.658203125, 1000
451696, 4411.69287109375, 1000
452696, 4431.03173828125, 1000
453696, 4485.98291015625, 1000
454696, 4439.080078125, 1000
455696, 4566.00830078125, 1000
456696, 4361.24072265625, 1000
457696, 4420.392578125, 1000
458696, 4370.39111328125, 1000
459696, 4397.12451171875, 1000
460696, 4427.482421875, 1000
461696, 4577.7373046875, 1000
462696, 4385.37109375, 1000
463696, 4566.4091796875, 1000
464271, 2454.048583984375, 575
465001, 3190.05322265625, 730
466001, 4400.8037109375, 1000
467001, 4405.24560546875, 1000
468001, 4510.146484375, 1000
469001, 4369.81103515625, 1000
470001, 4418.51513671875, 1000
471001, 4398.8037109375, 1000
471837, 3819.2509765625, 836
472837, 4482.09326171875, 1000
473837, 4656.9638671875, 1000
474837, 4549.26025390625, 1000
475837, 4626.83251953125, 1000
476837, 4395.96630859375, 1000
477837, 4489.68115234375, 1000
478837, 4727.62646484375, 1000
479837, 4329.490234375, 1000
480837, 4379.80224609375, 1000
481837, 4330.388671875, 1000
482837, 4447.36669921875, 1000
483837, 4470.15625, 1000
484837, 4574.37841796875, 1000
485837, 4398.51953125, 1000
486837, 4549.1953125, 1000
487837, 4297.84765625, 1000
488837, 4251.19580078125, 1000
489837, 4160.16796875, 1000
490837, 3959.11376953125, 1000
491837, 3746.9111328125, 1000
492089, 798.7667846679688, 252
493089, 4003.982177734375, 1000
493365, 824.1460571289062, 276
494365, 3962.696044921875, 1000
495365, 4091.4375, 1000
496365, 4125.84033203125, 1000
497365, 4261.2568359375, 1000
498365, 4156.525390625, 1000
499365, 4246.8017578125, 1000
499566, 644.0740356445312, 201
499767, 629.9513549804688, 201
500010, 790.2116088867188, 243
500213, 639.2830200195312, 203
500421, 639.6173706054688, 208
500663, 768.25732421875, 242
500877, 657.3296508789062, 214
501090, 654.7703857421875, 213
501316, 745.4188842773438, 226
501523, 610.581787109375, 207
501787, 866.2264404296875, 264
502787, 4162.74853515625, 1000
503787, 4148.72802734375, 1000
504787, 4158.86376953125, 1000
505787, 4334.7978515625, 1000
506787, 4362.56103515625, 1000
506954, 451.3088073730469, 167
507954, 4231.81396484375, 1000
508954, 4159.5146484375, 1000
509954, 4057.966064453125, 1000
510954, 4211.15087890625, 1000
511954, 4158.5625, 1000
512954, 4212.466796875, 1000
513954, 4126.36474609375, 1000
514954, 4180.986328125, 1000
515954, 4303.92724609375, 1000
516954, 4253.40771484375, 1000
517954, 4205.0146484375, 1000
518954, 4244.43017578125, 1000
519954, 4237.2705078125, 1000
520954, 4204.95361328125, 1000
521514, 2355.93603515625, 560
522514, 4361.79833984375, 1000
523514, 4274.55224609375, 1000
524514, 4307.00830078125, 1000
525514, 4344.18505859375, 1000
526514, 4376.25634765625, 1000
527514, 4504.6220703125, 1000
528514, 4480.77294921875, 1000
529514, 4394.0712890625, 1000
530514, 4524.423828125, 1000
531514, 4566.740234375, 1000
532514, 4401.51220703125, 1000
533514, 4415.71630859375, 1000
534514, 4330.466796875, 1000
535514, 4457.2294921875, 1000
536514, 4362.79052734375, 1000
537514, 4382.92431640625, 1000
538514, 4361.84423828125, 1000
539514, 4419.62353515625, 1000
540514, 4330.89404296875, 1000
541514, 4327.14794921875, 1000
542514, 4342.68994140625, 1000
543514, 4430.0654296875, 1000
544514, 4295.07568359375, 1000
545514, 4326.96923828125, 1000
546514, 4248.26806640625, 1000
547514, 4174.65576171875, 1000
548514, 4267.1259765625, 1000
549514, 4229.4677734375, 1000
550514, 4425.337890625, 1000
551514, 4530.6748046875, 1000
552514, 4374.66650390625, 1000
553514, 4252.57373046875, 1000
554514, 4358.6416015625, 1000
555514, 4297.49267578125, 1000
556514, 4364.5615234375, 1000
557514, 4401.94091796875, 1000
558514, 4318.08935546875, 1000
559514, 4287.47802734375, 1000
560514, 4149.77099609375, 1000
561514, 4289.13671875, 1000
562514, 4238.37353515625, 1000
563514, 4298.13818359375, 1000
564514, 4304.51904296875, 1000
565514, 4358.76611328125, 1000
566514, 4321.21630859375, 1000
567514, 4244.7333984375, 1000
568514, 4204.39501953125, 1000
569514, 4297.8583984375, 1000
570514, 4345.47705078125, 1000
571514, 4341.8447265625, 1000
572514, 4432.41455078125, 1000
573514, 4484.23388671875, 1000
574514, 4331.75244140625, 1000
575514, 4432.6845703125, 1000
576514, 4335.39453125, 1000
577514, 4314.42236328125, 1000
578514, 4238.39013671875, 1000
579514, 4333.91455078125, 1000
580514, 4404.70458984375, 1000
581514, 4296.66943359375, 1000
582514, 4298.58056640625, 1000
583514, 4429.8173828125, 1000
584514, 4373.11572265625, 1000
585514, 4258.0703125, 1000
586514, 4240.681640625, 1000
587514, 4117.1796875, 1000
588514, 4320.9931640625, 1000
589514, 4118.6611328125, 1000
590514, 4166.59814453125, 1000
591514, 4332.572265625, 1000
592514, 4377.638671875, 1000
593514, 4246.80224609375, 1000
594514, 4306.322265625, 1000
595514, 4185.65380859375, 1000
596514, 4340.830078125, 1000
597514, 4391.97314453125, 1000
598514, 4270.35498046875, 1000
599514, 4253.09619140625, 1000
600514, 4241.35400390625, 1000
601514, 4228.51123046875, 1000
602514, 4303.8486328125, 1000
603514, 4317.5029296875, 1000
604514, 4369.47216796875, 1000
605514, 4313.82373046875, 1000
606514, 4197.67626953125, 1000
607514, 4284.03955078125, 1000
608514, 4247.71630859375, 1000
609514, 4179.716796875, 1000
610514, 4289.0625, 1000
610680, 476.1110534667969, 166
611680, 4211.62548828125, 1000
612680, 4267.60400390625, 1000
612842, 451.9188232421875, 162
613842, 4312.46337890625, 1000
614842, 4385.37646484375, 1000
615842, 4322.0673828125, 1000
616842, 4315.0712890625, 1000
617842, 4227.84765625, 1000
618842, 4408.2451171875, 1000
619842, 4388.93798828125, 1000
620842, 4346.89599609375, 1000
621842, 4407.6572265625, 1000
622842, 4392.171875, 1000
623842, 4443.29248046875, 1000
624842, 4363.94580078125, 1000
625842, 4261.5361328125, 1000
626842, 4246.6083984375, 1000
627842, 4381.48779296875, 1000
628842, 4432.00341796875, 1000
629842, 4420.81982421875, 1000
630842, 4481.5986328125, 1000
631842, 4232.25048828125, 1000
632842, 4336.16455078125, 1000
633842, 4241.59130859375, 1000
634842, 4284.80029296875, 1000
635842, 4312.689453125, 1000
636842, 4386.865234375, 1000
637842, 4282.88427734375, 1000
638842, 4271.11083984375, 1000
639842, 4178.63720703125, 1000
640842, 4148.8623046875, 1000
641842, 4225.6640625, 1000
642842, 4190.53271484375, 1000
643842, 4150.31640625, 1000
644842, 4280.22412109375, 1000
645842, 4391.86083984375, 1000
646842, 4282.10400390625, 1000
647842, 4169.22314453125, 1000
648842, 4210.63037109375, 1000
649842, 4321.49072265625, 1000
650842, 4333.14990234375, 1000
651842, 4308.7666015625, 1000
652842, 4241.6865234375, 1000
653842, 4272.60107421875, 1000
654842, 4354.9404296875, 1000
655842, 4338.552734375, 1000
656842, 4245.40478515625, 1000
657842, 4223.62255859375, 1000
658842, 4268.7041015625, 1000
659842, 4397.21337890625, 1000
660842, 4326.66796875, 1000
661842, 4256.85888671875, 1000
662842, 4196.55859375, 1000
663842, 4308.52685546875, 1000
664842, 4306.380859375, 1000
665842, 4243.84619140625, 1000
666842, 4263.45458984375, 1000
667842, 4334.20361328125, 1000
668842, 4359.41748046875, 1000
669842, 4305.015625, 1000
670842, 4381.55810546875, 1000
671842, 4332.36279296875, 1000
672842, 4300.0, 1000
673842, 4325.65087890625, 1000
674842, 4214.31884765625, 1000
675842, 4043.5576171875, 1000
676842, 4018.2021484375, 1000
677842, 4213.146484375, 1000
678842, 4272.9892578125, 1000
679842, 4293.0859375, 1000
680842, 4329.263671875, 1000
681842, 4271.17431640625, 1000
682842, 4166.64111328125, 1000
683842, 4352.93212890625, 1000
684842, 4328.73291015625, 1000
685842, 4262.86083984375, 1000
686842, 4381.97314453125, 1000
687842, 4332.74169921875, 1000
688842, 4351.8876953125, 1000
689842, 4267.1689453125, 1000
690842, 4321.4072265625, 1000
691842, 4292.8193359375, 1000
692842, 4276.40234375, 1000
693842, 4336.79052734375, 1000
694842, 4318.46435546875, 1000
695842, 4219.11962890625, 1000
696842, 4180.48681640625, 1000
697842, 4190.60595703125, 1000
698842, 4188.04541015625, 1000
699842, 4276.73291015625, 1000
700842, 4375.46337890625, 1000
701842, 4325.23779296875, 1000
702842, 4322.3759765625, 1000
703842, 4240.009765625, 1000
704842, 4359.4755859375, 1000
705842, 4313.2373046875, 1000
706842, 4242.13623046875, 1000
707842, 4179.88818359375, 1000
708842, 4294.98974609375, 1000
709842, 4294.802734375, 1000
710842, 4211.3740234375, 1000
711842, 4135.59765625, 1000
712842, 4291.61865234375, 1000
713842, 4316.8740234375, 1000
714842, 4298.93505859375, 1000
715842, 4359.7294921875, 1000
716842, 4385.89501953125, 1000
717842, 4246.0087890625, 1000
718842, 4203.119140625, 1000
719842, 4237.51904296875, 1000
720842, 4404.2421875, 1000
721842, 4401.599609375, 1000
722842, 4376.9150390625, 1000
723813, 4238.66552734375, 971
724813, 4449.32568359375, 1000
725813, 4383.607421875, 1000
726813, 4382.66943359375, 1000
727813, 4264.43310546875, 1000
728813, 4351.0859375, 1000
729813, 4353.6142578125, 1000
730813, 4367.69580078125, 1000
731813, 4295.50146484375, 1000
732813, 4339.0576171875, 1000
733813, 4224.60400390625, 1000
734813, 4344.45556640625, 1000
735813, 4213.626953125, 1000
736813, 4466.01220703125, 1000
737813, 4407.04931640625, 1000
738813, 4321.623046875, 1000
739813, 4446.7744140625, 1000
740813, 4465.75244140625, 1000
741813, 4339.13330078125, 1000
742813, 4403.3056640625, 1000
743339, 2122.360595703125, 526
744339, 4503.85205078125, 1000
745339, 4345.8515625, 1000
746339, 4495.87109375, 1000
747339, 4390.2197265625, 1000
748339, 4391.8681640625, 1000
749339, 4448.50927734375, 1000
750339, 4433.9384765625, 1000
751339, 4375.421875, 1000
752339, 4476.9130859375, 1000
753339, 4490.720703125, 1000
754339, 4501.875, 1000
755339, 4366.1484375, 1000
756339, 4350.818359375, 1000
757339, 4485.9755859375, 1000
758339, 4373.712890625, 1000
759339, 4362.42236328125, 1000
760339, 4356.90771484375, 1000
761339, 4413.21533203125, 1000
762339, 4405.02099609375, 1000
763339, 4283.1455078125, 1000
764339, 4332.0361328125, 1000
765339, 4572.19775390625, 1000
766339, 4339.580078125, 1000
767339, 4349.048828125, 1000
768339, 4421.359375, 1000
769339, 4416.251953125, 1000
770339, 4400.25244140625, 1000
771339, 4456.90869140625, 1000
772339, 4499.802734375, 1000
773339, 4534.490234375, 1000
774339, 4431.57861328125, 1000
775339, 4389.24755859375, 1000
776339, 4430.26708984375, 1000
777339, 4347.04248046875, 1000
778339, 4331.23974609375, 1000
779339, 4385.8701171875, 1000
780339, 4426.001953125, 1000
781339, 4492.27685546875, 1000
782339, 4412.4189453125, 1000
783339, 4347.2861328125, 1000
784339, 4409.5361328125, 1000
785339, 4434.650390625, 1000
786339, 4473.67041015625, 1000
787339, 4444.12841796875, 1000
788339, 4554.88671875, 1000
789339, 4358.59521484375, 1000
790339, 4456.99462890625, 1000
791339, 4412.48193359375, 1000
792339, 4410.439453125, 1000
793339, 4343.76904296875, 1000
794339, 4387.4033203125, 1000
795339, 4497.50439453125, 1000
796339, 4421.82080078125, 1000
797339, 4478.8056640625, 1000
798339, 4392.5185546875, 1000
799339, 4354.12353515625, 1000
800339, 4463.6328125, 1000
801339, 4422.02880859375, 1000
802339, 4383.80078125, 1000
803339, 4432.90576171875, 1000
804339, 4444.123046875, 1000
805339, 4365.88330078125, 1000
806339, 4415.12109375, 1000
807339, 4406.41162109375, 1000
808339, 4347.3935546875, 1000
809339, 4348.85791015625, 1000
810339, 4414.2216796875, 1000
811339, 4518.71923828125, 1000
812339, 4493.59765625, 1000
813339, 4548.46435546875, 1000
814339, 4378.3974609375, 1000
815339, 4457.6103515625, 1000
816339, 4369.33203125, 1000
817339, 4364.2978515625, 1000
818339, 4401.10107421875, 1000
819339, 4404.2802734375, 1000
820257, 4058.90478515625, 918
821257, 4473.43994140625, 1000
822257, 4464.54638671875, 1000
823257, 4384.138671875, 1000
824257, 4471.83544921875, 1000
825257, 4412.14794921875, 1000
826257, 4421.408203125, 1000
827257, 4381.20751953125, 1000
828257, 4427.49853515625, 1000
829257, 4333.41357421875, 1000
830257, 4473.7998046875, 1000
831257, 4492.5537109375, 1000
832257, 4430.21240234375, 1000
833257, 4449.74658203125, 1000
834089, 3571.3642578125, 832
835089, 4449.736328125, 1000
836089, 4512.06982421875, 1000
837089, 4535.32861328125, 1000
838089, 4465.8623046875, 1000
839089, 4456.86376953125, 1000
840089, 4296.4169921875, 1000
841089, 4315.50732421875, 1000
842089, 4419.04443359375, 1000
843089, 4472.12060546875, 1000
844089, 4301.15283203125, 1000
845089, 4423.17724609375, 1000
846089, 4402.70947265625, 1000
847089, 4342.50537109375, 1000
848089, 4402.47998046875, 1000
849089, 4296.07568359375, 1000
850089, 4297.94140625, 1000
851089, 4317.97021484375, 1000
852089, 4347.6572265625, 1000
853089, 4382.7099609375, 1000
854089, 4471.74755859375, 1000
855089, 4480.427734375, 1000
856089, 4394.4619140625, 1000
857089, 4432.3857421875, 1000
858089, 4505.50732421875, 1000
859089, 4462.169921875, 1000
860089, 4456.5380859375, 1000
861089, 4457.8564453125, 1000
862089, 4529.7470703125, 1000
862860, 3363.0830078125, 771
863860, 4492.24609375, 1000
864860, 4545.97216796875, 1000
865860, 4454.521484375, 1000
866860, 4406.3251953125, 1000
867860, 4434.0673828125, 1000
868860, 4411.650390625, 1000
869860, 4369.12744140625, 1000
870860, 4352.3662109375, 1000
871860, 4402.43359375, 1000
872860, 4420.81884765625, 1000
873860, 4531.98779296875, 1000
874860, 4573.859375, 1000
875860, 4524.6591796875, 1000
876860, 4545.15576171875, 1000
877860, 4481.109375, 1000
878860, 4377.92724609375, 1000
879860, 4395.90283203125, 1000
880860, 4352.5654296875, 1000
881860, 4482.654296875, 1000
882860, 4450.13671875, 1000
883860, 4483.0380859375, 1000
884860, 4553.45068359375, 1000
885860, 4478.482421875, 1000
886860, 4447.30712890625, 1000
887860, 4541.26513671875, 1000
888860, 4407.943359375, 1000
889860, 4473.474609375, 1000
890860, 4430.0634765625, 1000
891860, 4501.36083984375, 1000
892860, 4394.0830078125, 1000
893860, 4515.47705078125, 1000
894860, 4518.8095703125, 1000
895860, 4470.3076171875, 1000
896860, 4495.88720703125, 1000
897860, 4337.06201171875, 1000
898860, 4569.3154296875, 1000
899860, 4506.75146484375, 1000
900860, 4505.83349609375, 1000
901860, 4502.45947265625, 1000
902860, 4475.26220703125, 1000
903860, 4370.416015625, 1000
904860, 4446.2724609375, 1000
905860, 4594.6533203125, 1000
906860, 4590.8642578125, 1000
907860, 4500.95166015625, 1000
908860, 4431.1474609375, 1000
909860, 4550.6572265625, 1000
910860, 4475.37353515625, 1000
911860, 4485.6962890625, 1000
912860, 4542.15478515625, 1000
913860, 4428.2314453125, 1000
914860, 4471.74609375, 1000
915860, 4464.88427734375, 1000
916860, 4476.82080078125, 1000
917860, 4483.7509765625, 1000
918860, 4507.34033203125, 1000
919860, 4480.27099609375, 1000
920860, 4426.154296875, 1000
921860, 4410.9365234375, 1000
922860, 4487.0146484375, 1000
923860, 4460.69287109375, 1000
924860, 4512.79736328125, 1000
925860, 4446.5634765625, 1000
926860, 4523.79931640625, 1000
927860, 4507.943359375, 1000
928860, 4499.7646484375, 1000
929860, 4485.30810546875, 1000
930860, 4503.716796875, 1000
931860, 4469.505859375, 1000
932860, 4448.8173828125, 1000
933860, 4475.7607421875, 1000
934860, 4486.998046875, 1000
935860, 4541.50732421875, 1000
936860, 4389.50439453125, 1000
937860, 4432.48779296875, 1000
938860, 4498.6572265625, 1000
939860, 4419.10302734375, 1000
940860, 4490.21044921875, 1000
941860, 4349.48486328125, 1000
942860, 4431.31787109375, 1000
943860, 4387.73095703125, 1000
944860, 4545.31396484375, 1000
945860, 4483.0029296875, 1000
946860, 4439.90185546875, 1000
947860, 4544.29736328125, 1000
948860, 4497.0771484375, 1000
949860, 4452.65771484375, 1000
950860, 4469.9111328125, 1000
951860, 4510.8017578125, 1000
952860, 4487.4833984375, 1000
953860, 4510.23046875, 1000
954860, 4570.6611328125, 1000
955860, 4534.26953125, 1000
956860, 4560.9873046875, 1000
957860, 4433.666015625, 1000
958860, 4438.669921875, 1000
959860, 4498.16455078125, 1000
960860, 4487.43408203125, 1000
961860, 4538.23779296875, 1000
962860, 4457.52978515625, 1000
963860, 4382.19677734375, 1000
964860, 4548.95458984375, 1000
965860, 4464.11572265625, 1000
966860, 4488.95263671875, 1000
967860, 4475.50732421875, 1000
968860, 4507.33984375, 1000
969860, 4488.34375, 1000
970860, 4410.7353515625, 1000
971860, 4410.47607421875, 1000
972860, 4567.2431640625, 1000
973860, 4529.86962890625, 1000
974860, 4632.130859375, 1000
975860, 4471.68896484375, 1000
976860, 4613.2998046875, 1000
977860, 4527.23974609375, 1000
978860, 4467.4296875, 1000
979860, 4440.14208984375, 1000
980860, 4544.0810546875, 1000
981860, 4506.7421875, 1000
982860, 4389.60009765625, 1000
983860, 4487.9892578125, 1000
984860, 4545.12548828125, 1000
985860, 4548.82666015625, 1000
986860, 4472.6435546875, 1000
987860, 4471.53466796875, 1000
988860, 4508.0966796875, 1000
989860, 4441.69140625, 1000
990860, 4291.37744140625, 1000
991860, 4534.48095703125, 1000
992860, 4528.33935546875, 1000
993860, 4555.26953125, 1000
994860, 4548.416015625, 1000
995860, 4530.03662109375, 1000
996860, 4509.12939453125, 1000
997860, 4508.24951171875, 1000
998860, 4478.74462890625, 1000
999860, 4444.98974609375, 1000
